<?xml version="1.0" encoding="UTF-8"?>
<coverage generated="1616852009187" clover="3.2.0">
  <project timestamp="1616852009188" name="All files">
    <metrics statements="31" coveredstatements="30" conditionals="6" coveredconditionals="4" methods="7" coveredmethods="7" elements="44" coveredelements="41" complexity="0" loc="31" ncloc="31" packages="1" files="3" classes="3"/>
    <file name="carSearch.js" path="/Users/connorworthington/websites/carApi/src/carSearch.js">
      <metrics statements="5" coveredstatements="5" conditionals="2" coveredconditionals="1" methods="1" coveredmethods="1"/>
      <line num="1" count="1" type="stmt"/>
      <line num="3" count="1" type="stmt"/>
      <line num="4" count="1" type="cond" truecount="1" falsecount="1"/>
      <line num="5" count="1" type="stmt"/>
      <line num="8" count="1" type="stmt"/>
    </file>
    <file name="dateChecker.js" path="/Users/connorworthington/websites/carApi/src/dateChecker.js">
      <metrics statements="7" coveredstatements="7" conditionals="0" coveredconditionals="0" methods="1" coveredmethods="1"/>
      <line num="1" count="1" type="stmt"/>
      <line num="2" count="2" type="stmt"/>
      <line num="3" count="2" type="stmt"/>
      <line num="4" count="2" type="stmt"/>
      <line num="5" count="2" type="stmt"/>
      <line num="6" count="2" type="stmt"/>
      <line num="7" count="2" type="stmt"/>
    </file>
    <file name="index.js" path="/Users/connorworthington/websites/carApi/src/index.js">
      <metrics statements="19" coveredstatements="18" conditionals="4" coveredconditionals="3" methods="5" coveredmethods="5"/>
      <line num="3" count="1" type="stmt"/>
      <line num="7" count="1" type="stmt"/>
      <line num="9" count="1" type="stmt"/>
      <line num="11" count="1" type="stmt"/>
      <line num="12" count="1" type="stmt"/>
      <line num="15" count="1" type="stmt"/>
      <line num="16" count="1" type="stmt"/>
      <line num="17" count="1" type="stmt"/>
      <line num="18" count="1" type="stmt"/>
      <line num="21" count="1" type="stmt"/>
      <line num="29" count="2" type="cond" truecount="2" falsecount="0"/>
      <line num="30" count="1" type="stmt"/>
      <line num="32" count="1" type="stmt"/>
      <line num="33" count="1" type="stmt"/>
      <line num="34" count="1" type="cond" truecount="1" falsecount="1"/>
      <line num="35" count="0" type="stmt"/>
      <line num="38" count="1" type="stmt"/>
      <line num="42" count="1" type="stmt"/>
      <line num="43" count="1" type="stmt"/>
    </file>
  </project>
</coverage>
