{"/Users/connorworthington/websites/carApi/src/carSearch.js": {"path":"/Users/connorworthington/websites/carApi/src/carSearch.js","statementMap":{"0":{"start":{"line":1,"column":18},"end":{"line":9,"column":1}},"1":{"start":{"line":3,"column":2},"end":{"line":7,"column":3}},"2":{"start":{"line":3,"column":15},"end":{"line":3,"column":16}},"3":{"start":{"line":4,"column":4},"end":{"line":6,"column":5}},"4":{"start":{"line":5,"column":6},"end":{"line":5,"column":36}},"5":{"start":{"line":8,"column":2},"end":{"line":8,"column":16}}},"fnMap":{"0":{"name":"(anonymous_0)","decl":{"start":{"line":1,"column":18},"end":{"line":1,"column":19}},"loc":{"start":{"line":1,"column":40},"end":{"line":9,"column":1}},"line":1}},"branchMap":{"0":{"loc":{"start":{"line":4,"column":4},"end":{"line":6,"column":5}},"type":"if","locations":[{"start":{"line":4,"column":4},"end":{"line":6,"column":5}},{"start":{"line":4,"column":4},"end":{"line":6,"column":5}}],"line":4}},"s":{"0":1,"1":1,"2":1,"3":1,"4":1,"5":1},"f":{"0":1},"b":{"0":[1,0]},"_coverageSchema":"1a1c01bbd47fc00a2c39e90264f33305004495a9","hash":"907ecb9c146d9d571f0e7cc0c993ef2ccc28b7ca"}
,"/Users/connorworthington/websites/carApi/src/dateChecker.js": {"path":"/Users/connorworthington/websites/carApi/src/dateChecker.js","statementMap":{"0":{"start":{"line":1,"column":18},"end":{"line":8,"column":1}},"1":{"start":{"line":2,"column":18},"end":{"line":2,"column":41}},"2":{"start":{"line":3,"column":27},"end":{"line":3,"column":77}},"3":{"start":{"line":4,"column":12},"end":{"line":4,"column":22}},"4":{"start":{"line":5,"column":13},"end":{"line":5,"column":47}},"5":{"start":{"line":6,"column":14},"end":{"line":6,"column":39}},"6":{"start":{"line":7,"column":2},"end":{"line":7,"column":13}}},"fnMap":{"0":{"name":"(anonymous_0)","decl":{"start":{"line":1,"column":18},"end":{"line":1,"column":19}},"loc":{"start":{"line":1,"column":36},"end":{"line":8,"column":1}},"line":1}},"branchMap":{},"s":{"0":1,"1":2,"2":2,"3":2,"4":2,"5":2,"6":2},"f":{"0":2},"b":{},"_coverageSchema":"1a1c01bbd47fc00a2c39e90264f33305004495a9","hash":"a1f009ac1189567cff70b0898547694fccbf6430"}
,"/Users/connorworthington/websites/carApi/src/index.js": {"path":"/Users/connorworthington/websites/carApi/src/index.js","statementMap":{"0":{"start":{"line":3,"column":11},"end":{"line":3,"column":24}},"1":{"start":{"line":7,"column":12},"end":{"line":7,"column":21}},"2":{"start":{"line":9,"column":0},"end":{"line":9,"column":23}},"3":{"start":{"line":11,"column":0},"end":{"line":13,"column":3}},"4":{"start":{"line":12,"column":2},"end":{"line":12,"column":20}},"5":{"start":{"line":15,"column":0},"end":{"line":19,"column":3}},"6":{"start":{"line":16,"column":17},"end":{"line":16,"column":40}},"7":{"start":{"line":17,"column":12},"end":{"line":17,"column":41}},"8":{"start":{"line":18,"column":2},"end":{"line":18,"column":16}},"9":{"start":{"line":21,"column":0},"end":{"line":40,"column":3}},"10":{"start":{"line":29,"column":2},"end":{"line":39,"column":3}},"11":{"start":{"line":30,"column":4},"end":{"line":30,"column":55}},"12":{"start":{"line":32,"column":4},"end":{"line":32,"column":31}},"13":{"start":{"line":33,"column":4},"end":{"line":37,"column":6}},"14":{"start":{"line":34,"column":6},"end":{"line":36,"column":7}},"15":{"start":{"line":35,"column":8},"end":{"line":35,"column":18}},"16":{"start":{"line":38,"column":4},"end":{"line":38,"column":38}},"17":{"start":{"line":42,"column":0},"end":{"line":44,"column":3}},"18":{"start":{"line":43,"column":2},"end":{"line":43,"column":28}}},"fnMap":{"0":{"name":"(anonymous_0)","decl":{"start":{"line":11,"column":17},"end":{"line":11,"column":18}},"loc":{"start":{"line":11,"column":31},"end":{"line":13,"column":1}},"line":11},"1":{"name":"(anonymous_1)","decl":{"start":{"line":15,"column":20},"end":{"line":15,"column":21}},"loc":{"start":{"line":15,"column":34},"end":{"line":19,"column":1}},"line":15},"2":{"name":"(anonymous_2)","decl":{"start":{"line":21,"column":18},"end":{"line":21,"column":19}},"loc":{"start":{"line":21,"column":32},"end":{"line":40,"column":1}},"line":21},"3":{"name":"(anonymous_3)","decl":{"start":{"line":33,"column":65},"end":{"line":33,"column":66}},"loc":{"start":{"line":33,"column":74},"end":{"line":37,"column":5}},"line":33},"4":{"name":"(anonymous_4)","decl":{"start":{"line":42,"column":17},"end":{"line":42,"column":18}},"loc":{"start":{"line":42,"column":23},"end":{"line":44,"column":1}},"line":42}},"branchMap":{"0":{"loc":{"start":{"line":29,"column":2},"end":{"line":39,"column":3}},"type":"if","locations":[{"start":{"line":29,"column":2},"end":{"line":39,"column":3}},{"start":{"line":29,"column":2},"end":{"line":39,"column":3}}],"line":29},"1":{"loc":{"start":{"line":34,"column":6},"end":{"line":36,"column":7}},"type":"if","locations":[{"start":{"line":34,"column":6},"end":{"line":36,"column":7}},{"start":{"line":34,"column":6},"end":{"line":36,"column":7}}],"line":34}},"s":{"0":1,"1":1,"2":1,"3":1,"4":1,"5":1,"6":1,"7":1,"8":1,"9":1,"10":2,"11":1,"12":1,"13":1,"14":1,"15":0,"16":1,"17":1,"18":1},"f":{"0":1,"1":1,"2":2,"3":1,"4":1},"b":{"0":[1,1],"1":[0,1]},"_coverageSchema":"1a1c01bbd47fc00a2c39e90264f33305004495a9","hash":"c51d9b026fa76c641d73ce228017a5766e476987"}
}
