TN:
SF:src/carSearch.js
FN:1,(anonymous_0)
FNF:1
FNH:1
FNDA:1,(anonymous_0)
DA:1,1
DA:3,1
DA:4,1
DA:5,1
DA:8,1
LF:5
LH:5
BRDA:4,0,0,1
BRDA:4,0,1,0
BRF:2
BRH:1
end_of_record
TN:
SF:src/dateChecker.js
FN:1,(anonymous_0)
FNF:1
FNH:1
FNDA:2,(anonymous_0)
DA:1,1
DA:2,2
DA:3,2
DA:4,2
DA:5,2
DA:6,2
DA:7,2
LF:7
LH:7
BRF:0
BRH:0
end_of_record
TN:
SF:src/index.js
FN:11,(anonymous_0)
FN:15,(anonymous_1)
FN:21,(anonymous_2)
FN:27,(anonymous_3)
FN:36,(anonymous_4)
FNF:5
FNH:5
FNDA:1,(anonymous_0)
FNDA:1,(anonymous_1)
FNDA:2,(anonymous_2)
FNDA:1,(anonymous_3)
FNDA:1,(anonymous_4)
DA:3,1
DA:7,1
DA:9,1
DA:11,1
DA:12,1
DA:15,1
DA:16,1
DA:17,1
DA:18,1
DA:21,1
DA:22,2
DA:26,1
DA:27,1
DA:28,1
DA:29,0
DA:32,1
DA:36,1
DA:37,1
LF:18
LH:17
BRDA:22,0,0,1
BRDA:22,0,1,1
BRDA:28,1,0,0
BRDA:28,1,1,1
BRF:4
BRH:3
end_of_record
